<?xml version="1.0" encoding="UTF-8"?>
<!-- Generated by org.testng.reporters.JUnitXMLReporter -->
<testsuite hostname="THSLT10093" name="flipkart" tests="4" failures="4" timestamp="17 Dec 2019 13:00:47 GMT" time="90.942" errors="0">
  <testcase name="cl" time="2.506" classname="Pack1.Sel">
    <failure type="org.openqa.selenium.SessionNotCreatedException" message="session not created: This version of ChromeDriver only supports Chrome version 77
Build info: version: &amp;apos;3.141.59&amp;apos;, revision: &amp;apos;e82be7d358&amp;apos;, time: &amp;apos;2018-11-14T08:25:48&amp;apos;
System info: host: &amp;apos;THSLT10093&amp;apos;, ip: &amp;apos;192.168.22.169&amp;apos;, os.name: &amp;apos;Windows 10&amp;apos;, os.arch: &amp;apos;amd64&amp;apos;, os.version: &amp;apos;10.0&amp;apos;, java.version: &amp;apos;1.8.0_162&amp;apos;
Driver info: driver.version: ChromeDriver
remote stacktrace: Backtrace:
	Ordinal0 [0x0106EB13+1501971]
	Ordinal0 [0x00FEF6D1+980689]
	Ordinal0 [0x00F7765F+489055]
	Ordinal0 [0x00F0F2F4+62196]
	Ordinal0 [0x00F0BCDA+48346]
	Ordinal0 [0x00F29800+169984]
	Ordinal0 [0x00F2942D+169005]
	Ordinal0 [0x00F278EB+162027]
	Ordinal0 [0x00F10AC7+68295]
	Ordinal0 [0x00F11B40+72512]
	Ordinal0 [0x00F11AD9+72409]
	Ordinal0 [0x01008F37+1085239]
	GetHandleVerifier [0x0110D7ED+503293]
	GetHandleVerifier [0x0110D580+502672]
	GetHandleVerifier [0x011146AC+531644]
	GetHandleVerifier [0x0110DFFA+505354]
	Ordinal0 [0x01000606+1050118]
	Ordinal0 [0x0100047F+1049727]
	Ordinal0 [0x0100AF9B+1093531]
	Ordinal0 [0x0100B103+1093891]
	Ordinal0 [0x0100A095+1089685]
	BaseThreadInitThunk [0x76618494+36]
	RtlAreBitsSet [0x776541C8+136]
	RtlAreBitsSet [0x77654198+88]
">
      <![CDATA[org.openqa.selenium.SessionNotCreatedException: session not created: This version of ChromeDriver only supports Chrome version 77
Build info: version: '3.141.59', revision: 'e82be7d358', time: '2018-11-14T08:25:48'
System info: host: 'THSLT10093', ip: '192.168.22.169', os.name: 'Windows 10', os.arch: 'amd64', os.version: '10.0', java.version: '1.8.0_162'
Driver info: driver.version: ChromeDriver
remote stacktrace: Backtrace:
	Ordinal0 [0x0106EB13+1501971]
	Ordinal0 [0x00FEF6D1+980689]
	Ordinal0 [0x00F7765F+489055]
	Ordinal0 [0x00F0F2F4+62196]
	Ordinal0 [0x00F0BCDA+48346]
	Ordinal0 [0x00F29800+169984]
	Ordinal0 [0x00F2942D+169005]
	Ordinal0 [0x00F278EB+162027]
	Ordinal0 [0x00F10AC7+68295]
	Ordinal0 [0x00F11B40+72512]
	Ordinal0 [0x00F11AD9+72409]
	Ordinal0 [0x01008F37+1085239]
	GetHandleVerifier [0x0110D7ED+503293]
	GetHandleVerifier [0x0110D580+502672]
	GetHandleVerifier [0x011146AC+531644]
	GetHandleVerifier [0x0110DFFA+505354]
	Ordinal0 [0x01000606+1050118]
	Ordinal0 [0x0100047F+1049727]
	Ordinal0 [0x0100AF9B+1093531]
	Ordinal0 [0x0100B103+1093891]
	Ordinal0 [0x0100A095+1089685]
	BaseThreadInitThunk [0x76618494+36]
	RtlAreBitsSet [0x776541C8+136]
	RtlAreBitsSet [0x77654198+88]

	at org.openqa.selenium.remote.W3CHandshakeResponse.lambda$errorHandler$0(W3CHandshakeResponse.java:62)
	at org.openqa.selenium.remote.HandshakeResponse.lambda$getResponseFunction$0(HandshakeResponse.java:30)
	at org.openqa.selenium.remote.ProtocolHandshake.lambda$createSession$0(ProtocolHandshake.java:126)
	at java.util.stream.ReferencePipeline$3$1.accept(Unknown Source)
	at java.util.Spliterators$ArraySpliterator.tryAdvance(Unknown Source)
	at java.util.stream.ReferencePipeline.forEachWithCancel(Unknown Source)
	at java.util.stream.AbstractPipeline.copyIntoWithCancel(Unknown Source)
	at java.util.stream.AbstractPipeline.copyInto(Unknown Source)
	at java.util.stream.AbstractPipeline.wrapAndCopyInto(Unknown Source)
	at java.util.stream.FindOps$FindOp.evaluateSequential(Unknown Source)
	at java.util.stream.AbstractPipeline.evaluate(Unknown Source)
	at java.util.stream.ReferencePipeline.findFirst(Unknown Source)
	at org.openqa.selenium.remote.ProtocolHandshake.createSession(ProtocolHandshake.java:128)
	at org.openqa.selenium.remote.ProtocolHandshake.createSession(ProtocolHandshake.java:74)
	at org.openqa.selenium.remote.HttpCommandExecutor.execute(HttpCommandExecutor.java:136)
	at org.openqa.selenium.remote.service.DriverCommandExecutor.execute(DriverCommandExecutor.java:83)
	at org.openqa.selenium.remote.RemoteWebDriver.execute(RemoteWebDriver.java:552)
	at org.openqa.selenium.remote.RemoteWebDriver.startSession(RemoteWebDriver.java:213)
	at org.openqa.selenium.remote.RemoteWebDriver.<init>(RemoteWebDriver.java:131)
	at org.openqa.selenium.chrome.ChromeDriver.<init>(ChromeDriver.java:181)
	at org.openqa.selenium.chrome.ChromeDriver.<init>(ChromeDriver.java:168)
	at org.openqa.selenium.chrome.ChromeDriver.<init>(ChromeDriver.java:123)
	at Pack1.Sel.cl(Sel.java:40)
	at java.util.concurrent.FutureTask.run(Unknown Source)
	at java.util.concurrent.ThreadPoolExecutor.runWorker(Unknown Source)
	at java.util.concurrent.ThreadPoolExecutor$Worker.run(Unknown Source)
	at java.lang.Thread.run(Unknown Source)
... Removed 20 stack frames]]>
    </failure>
  </testcase> <!-- cl -->
  <testcase name="cl" time="1.413" classname="Pack1.subc">
    <failure type="org.openqa.selenium.SessionNotCreatedException" message="session not created: This version of ChromeDriver only supports Chrome version 77
Build info: version: &amp;apos;3.141.59&amp;apos;, revision: &amp;apos;e82be7d358&amp;apos;, time: &amp;apos;2018-11-14T08:25:48&amp;apos;
System info: host: &amp;apos;THSLT10093&amp;apos;, ip: &amp;apos;192.168.22.169&amp;apos;, os.name: &amp;apos;Windows 10&amp;apos;, os.arch: &amp;apos;amd64&amp;apos;, os.version: &amp;apos;10.0&amp;apos;, java.version: &amp;apos;1.8.0_162&amp;apos;
Driver info: driver.version: ChromeDriver
remote stacktrace: Backtrace:
	Ordinal0 [0x0106EB13+1501971]
	Ordinal0 [0x00FEF6D1+980689]
	Ordinal0 [0x00F7765F+489055]
	Ordinal0 [0x00F0F2F4+62196]
	Ordinal0 [0x00F0BCDA+48346]
	Ordinal0 [0x00F29800+169984]
	Ordinal0 [0x00F2942D+169005]
	Ordinal0 [0x00F278EB+162027]
	Ordinal0 [0x00F10AC7+68295]
	Ordinal0 [0x00F11B40+72512]
	Ordinal0 [0x00F11AD9+72409]
	Ordinal0 [0x01008F37+1085239]
	GetHandleVerifier [0x0110D7ED+503293]
	GetHandleVerifier [0x0110D580+502672]
	GetHandleVerifier [0x011146AC+531644]
	GetHandleVerifier [0x0110DFFA+505354]
	Ordinal0 [0x01000606+1050118]
	Ordinal0 [0x0100047F+1049727]
	Ordinal0 [0x0100AF9B+1093531]
	Ordinal0 [0x0100B103+1093891]
	Ordinal0 [0x0100A095+1089685]
	BaseThreadInitThunk [0x76618494+36]
	RtlAreBitsSet [0x776541C8+136]
	RtlAreBitsSet [0x77654198+88]
">
      <![CDATA[org.openqa.selenium.SessionNotCreatedException: session not created: This version of ChromeDriver only supports Chrome version 77
Build info: version: '3.141.59', revision: 'e82be7d358', time: '2018-11-14T08:25:48'
System info: host: 'THSLT10093', ip: '192.168.22.169', os.name: 'Windows 10', os.arch: 'amd64', os.version: '10.0', java.version: '1.8.0_162'
Driver info: driver.version: ChromeDriver
remote stacktrace: Backtrace:
	Ordinal0 [0x0106EB13+1501971]
	Ordinal0 [0x00FEF6D1+980689]
	Ordinal0 [0x00F7765F+489055]
	Ordinal0 [0x00F0F2F4+62196]
	Ordinal0 [0x00F0BCDA+48346]
	Ordinal0 [0x00F29800+169984]
	Ordinal0 [0x00F2942D+169005]
	Ordinal0 [0x00F278EB+162027]
	Ordinal0 [0x00F10AC7+68295]
	Ordinal0 [0x00F11B40+72512]
	Ordinal0 [0x00F11AD9+72409]
	Ordinal0 [0x01008F37+1085239]
	GetHandleVerifier [0x0110D7ED+503293]
	GetHandleVerifier [0x0110D580+502672]
	GetHandleVerifier [0x011146AC+531644]
	GetHandleVerifier [0x0110DFFA+505354]
	Ordinal0 [0x01000606+1050118]
	Ordinal0 [0x0100047F+1049727]
	Ordinal0 [0x0100AF9B+1093531]
	Ordinal0 [0x0100B103+1093891]
	Ordinal0 [0x0100A095+1089685]
	BaseThreadInitThunk [0x76618494+36]
	RtlAreBitsSet [0x776541C8+136]
	RtlAreBitsSet [0x77654198+88]

	at org.openqa.selenium.remote.W3CHandshakeResponse.lambda$errorHandler$0(W3CHandshakeResponse.java:62)
	at org.openqa.selenium.remote.HandshakeResponse.lambda$getResponseFunction$0(HandshakeResponse.java:30)
	at org.openqa.selenium.remote.ProtocolHandshake.lambda$createSession$0(ProtocolHandshake.java:126)
	at java.util.stream.ReferencePipeline$3$1.accept(Unknown Source)
	at java.util.Spliterators$ArraySpliterator.tryAdvance(Unknown Source)
	at java.util.stream.ReferencePipeline.forEachWithCancel(Unknown Source)
	at java.util.stream.AbstractPipeline.copyIntoWithCancel(Unknown Source)
	at java.util.stream.AbstractPipeline.copyInto(Unknown Source)
	at java.util.stream.AbstractPipeline.wrapAndCopyInto(Unknown Source)
	at java.util.stream.FindOps$FindOp.evaluateSequential(Unknown Source)
	at java.util.stream.AbstractPipeline.evaluate(Unknown Source)
	at java.util.stream.ReferencePipeline.findFirst(Unknown Source)
	at org.openqa.selenium.remote.ProtocolHandshake.createSession(ProtocolHandshake.java:128)
	at org.openqa.selenium.remote.ProtocolHandshake.createSession(ProtocolHandshake.java:74)
	at org.openqa.selenium.remote.HttpCommandExecutor.execute(HttpCommandExecutor.java:136)
	at org.openqa.selenium.remote.service.DriverCommandExecutor.execute(DriverCommandExecutor.java:83)
	at org.openqa.selenium.remote.RemoteWebDriver.execute(RemoteWebDriver.java:552)
	at org.openqa.selenium.remote.RemoteWebDriver.startSession(RemoteWebDriver.java:213)
	at org.openqa.selenium.remote.RemoteWebDriver.<init>(RemoteWebDriver.java:131)
	at org.openqa.selenium.chrome.ChromeDriver.<init>(ChromeDriver.java:181)
	at org.openqa.selenium.chrome.ChromeDriver.<init>(ChromeDriver.java:168)
	at org.openqa.selenium.chrome.ChromeDriver.<init>(ChromeDriver.java:123)
	at Pack1.Sel.cl(Sel.java:40)
	at java.util.concurrent.FutureTask.run(Unknown Source)
	at java.util.concurrent.ThreadPoolExecutor.runWorker(Unknown Source)
	at java.util.concurrent.ThreadPoolExecutor$Worker.run(Unknown Source)
	at java.lang.Thread.run(Unknown Source)
... Removed 20 stack frames]]>
    </failure>
  </testcase> <!-- cl -->
  <testcase name="cl1" time="43.479" classname="Pack1.Sel">
    <failure type="org.openqa.selenium.TimeoutException" message="Expected condition failed: waiting for visibility of element located by By.id: sfd (tried for 20 second(s) with 500 milliseconds interval)">
      <![CDATA[org.openqa.selenium.TimeoutException: Expected condition failed: waiting for visibility of element located by By.id: sfd (tried for 20 second(s) with 500 milliseconds interval)
	at org.openqa.selenium.support.ui.WebDriverWait.timeoutException(WebDriverWait.java:95)
	at org.openqa.selenium.support.ui.FluentWait.until(FluentWait.java:272)
	at Pack1.Sel.cl1(Sel.java:25)
	at java.util.concurrent.FutureTask.run(Unknown Source)
	at java.util.concurrent.ThreadPoolExecutor.runWorker(Unknown Source)
	at java.util.concurrent.ThreadPoolExecutor$Worker.run(Unknown Source)
	at java.lang.Thread.run(Unknown Source)
Caused by: org.openqa.selenium.NoSuchElementException: no such element: Unable to locate element: {"method":"css selector","selector":"#sfd"}
  (Session info: chrome=79.0.3945.79)
For documentation on this error, please visit: https://www.seleniumhq.org/exceptions/no_such_element.html
Build info: version: '3.141.59', revision: 'e82be7d358', time: '2018-11-14T08:25:48'
System info: host: 'THSLT10093', ip: '192.168.22.169', os.name: 'Windows 10', os.arch: 'amd64', os.version: '10.0', java.version: '1.8.0_162'
Driver info: org.openqa.selenium.chrome.ChromeDriver
Capabilities {acceptInsecureCerts: false, browserName: chrome, browserVersion: 79.0.3945.79, chrome: {chromedriverVersion: 79.0.3945.36 (3582db32b3389..., userDataDir: C:\Users\THI170~1\AppData\L...}, goog:chromeOptions: {debuggerAddress: localhost:64469}, javascriptEnabled: true, networkConnectionEnabled: false, pageLoadStrategy: normal, platform: WINDOWS, platformName: WINDOWS, proxy: Proxy(), setWindowRect: true, strictFileInteractability: false, timeouts: {implicit: 0, pageLoad: 300000, script: 30000}, unhandledPromptBehavior: dismiss and notify}
Session ID: 075766cd94193a2b5b85357ace8370e3
*** Element info: {Using=id, value=sfd}
	at org.openqa.selenium.remote.http.W3CHttpResponseCodec.createException(W3CHttpResponseCodec.java:187)
	at org.openqa.selenium.remote.http.W3CHttpResponseCodec.decode(W3CHttpResponseCodec.java:122)
	at org.openqa.selenium.remote.http.W3CHttpResponseCodec.decode(W3CHttpResponseCodec.java:49)
	at org.openqa.selenium.remote.HttpCommandExecutor.execute(HttpCommandExecutor.java:158)
	at org.openqa.selenium.remote.service.DriverCommandExecutor.execute(DriverCommandExecutor.java:83)
	at org.openqa.selenium.remote.RemoteWebDriver.execute(RemoteWebDriver.java:552)
	at org.openqa.selenium.remote.RemoteWebDriver.findElement(RemoteWebDriver.java:323)
	at org.openqa.selenium.remote.RemoteWebDriver.findElementById(RemoteWebDriver.java:372)
	at org.openqa.selenium.By$ById.findElement(By.java:188)
	at org.openqa.selenium.remote.RemoteWebDriver.findElement(RemoteWebDriver.java:315)
	at org.openqa.selenium.support.ui.ExpectedConditions$7.apply(ExpectedConditions.java:205)
	at org.openqa.selenium.support.ui.ExpectedConditions$7.apply(ExpectedConditions.java:201)
	at org.openqa.selenium.support.ui.FluentWait.until(FluentWait.java:249)
	... 21 more
... Removed 20 stack frames]]>
    </failure>
  </testcase> <!-- cl1 -->
  <testcase name="cl1" time="43.506" classname="Pack1.subc">
    <failure type="org.openqa.selenium.TimeoutException" message="Expected condition failed: waiting for visibility of element located by By.id: sfd (tried for 20 second(s) with 500 milliseconds interval)">
      <![CDATA[org.openqa.selenium.TimeoutException: Expected condition failed: waiting for visibility of element located by By.id: sfd (tried for 20 second(s) with 500 milliseconds interval)
	at org.openqa.selenium.support.ui.WebDriverWait.timeoutException(WebDriverWait.java:95)
	at org.openqa.selenium.support.ui.FluentWait.until(FluentWait.java:272)
	at Pack1.Sel.cl1(Sel.java:25)
	at java.util.concurrent.FutureTask.run(Unknown Source)
	at java.util.concurrent.ThreadPoolExecutor.runWorker(Unknown Source)
	at java.util.concurrent.ThreadPoolExecutor$Worker.run(Unknown Source)
	at java.lang.Thread.run(Unknown Source)
Caused by: org.openqa.selenium.NoSuchElementException: no such element: Unable to locate element: {"method":"css selector","selector":"#sfd"}
  (Session info: chrome=79.0.3945.79)
For documentation on this error, please visit: https://www.seleniumhq.org/exceptions/no_such_element.html
Build info: version: '3.141.59', revision: 'e82be7d358', time: '2018-11-14T08:25:48'
System info: host: 'THSLT10093', ip: '192.168.22.169', os.name: 'Windows 10', os.arch: 'amd64', os.version: '10.0', java.version: '1.8.0_162'
Driver info: org.openqa.selenium.chrome.ChromeDriver
Capabilities {acceptInsecureCerts: false, browserName: chrome, browserVersion: 79.0.3945.79, chrome: {chromedriverVersion: 79.0.3945.36 (3582db32b3389..., userDataDir: C:\Users\THI170~1\AppData\L...}, goog:chromeOptions: {debuggerAddress: localhost:64530}, javascriptEnabled: true, networkConnectionEnabled: false, pageLoadStrategy: normal, platform: WINDOWS, platformName: WINDOWS, proxy: Proxy(), setWindowRect: true, strictFileInteractability: false, timeouts: {implicit: 0, pageLoad: 300000, script: 30000}, unhandledPromptBehavior: dismiss and notify}
Session ID: 71324ca17dc65b9d1b8f85bef91e7bc4
*** Element info: {Using=id, value=sfd}
	at org.openqa.selenium.remote.http.W3CHttpResponseCodec.createException(W3CHttpResponseCodec.java:187)
	at org.openqa.selenium.remote.http.W3CHttpResponseCodec.decode(W3CHttpResponseCodec.java:122)
	at org.openqa.selenium.remote.http.W3CHttpResponseCodec.decode(W3CHttpResponseCodec.java:49)
	at org.openqa.selenium.remote.HttpCommandExecutor.execute(HttpCommandExecutor.java:158)
	at org.openqa.selenium.remote.service.DriverCommandExecutor.execute(DriverCommandExecutor.java:83)
	at org.openqa.selenium.remote.RemoteWebDriver.execute(RemoteWebDriver.java:552)
	at org.openqa.selenium.remote.RemoteWebDriver.findElement(RemoteWebDriver.java:323)
	at org.openqa.selenium.remote.RemoteWebDriver.findElementById(RemoteWebDriver.java:372)
	at org.openqa.selenium.By$ById.findElement(By.java:188)
	at org.openqa.selenium.remote.RemoteWebDriver.findElement(RemoteWebDriver.java:315)
	at org.openqa.selenium.support.ui.ExpectedConditions$7.apply(ExpectedConditions.java:205)
	at org.openqa.selenium.support.ui.ExpectedConditions$7.apply(ExpectedConditions.java:201)
	at org.openqa.selenium.support.ui.FluentWait.until(FluentWait.java:249)
	... 21 more
... Removed 20 stack frames]]>
    </failure>
  </testcase> <!-- cl1 -->
</testsuite> <!-- flipkart -->
